[10:43:51.117][info] [#0:/home/thai/dotfiles/language-server/lua-language-server/main.lua:65]: Lua Lsp startup, root: 	/home/thai/dotfiles/language-server/lua-language-server
[10:43:51.118][info] [#0:/home/thai/dotfiles/language-server/lua-language-server/main.lua:66]: ROOT:	/home/thai/dotfiles/language-server/lua-language-server
[10:43:51.118][info] [#0:/home/thai/dotfiles/language-server/lua-language-server/main.lua:67]: LOGPATH:	/home/thai/dotfiles/language-server/lua-language-server/log
[10:43:51.118][info] [#0:/home/thai/dotfiles/language-server/lua-language-server/main.lua:68]: METAPATH:	/home/thai/dotfiles/language-server/lua-language-server/meta
[10:43:51.118][info] [#0:/home/thai/dotfiles/language-server/lua-language-server/main.lua:69]: VERSION:	3.2.2
[10:43:51.181][info] [#0:script/service/service.lua:141]: 
========= Medical Examination Report =========
    --------------- Memory ---------------
        Total: 1.433 MB
        # 00 : 1.433 MB
        # 01 : 0.000 MB
        # 02 : 0.000 MB
        # 03 : 0.000 MB
        # 04 : 0.000 MB
    --------------- Coroutine ---------------
        Total:     0
        Running:   0
        Suspended: 0
        Normal:    0
        Dead:      0
    --------------- Cache ---------------
        Total: 1
        Dead:  0
    ---------------  RPC  ---------------
        Holdon:   0
        Waiting:  0
==============================================
[10:43:51.288][info] [#0:script/language.lua:137]: VSC language: nil
[10:43:51.288][info] [#0:script/language.lua:138]: LS  language: en-us
[10:43:51.288][info] [#0:script/workspace/workspace.lua:38]: Workspace init root: 	file:///home/thai/dotfiles
[10:43:51.288][info] [#0:script/workspace/workspace.lua:42]: Log path: 	/home/thai/dotfiles/language-server/lua-language-server/log/file_home_thai_dotfiles.log
